Start testing: Sep 21 04:29 Central Daylight Time
----------------------------------------------------------
1/2 Testing: dx-wire-test-geometry
1/2 Test: dx-wire-test-geometry
Command: "C:/Users/david/Downloads/extraction/EKE-DX-WIRE_implementation_baseline_0.1.0/build/Release/dx-wire-test-geometry.exe"
Directory: C:/Users/david/Downloads/extraction/EKE-DX-WIRE_implementation_baseline_0.1.0/build
"dx-wire-test-geometry" start time: Sep 21 04:29 Central Daylight Time
Output:
----------------------------------------------------------
<end of output>
Test time =   0.02 sec
----------------------------------------------------------
Test Passed.
"dx-wire-test-geometry" end time: Sep 21 04:29 Central Daylight Time
"dx-wire-test-geometry" time elapsed: 00:00:00
----------------------------------------------------------

2/2 Testing: dx-wire-test-ids
2/2 Test: dx-wire-test-ids
Command: "C:/Users/david/Downloads/extraction/EKE-DX-WIRE_implementation_baseline_0.1.0/build/Release/dx-wire-test-ids.exe"
Directory: C:/Users/david/Downloads/extraction/EKE-DX-WIRE_implementation_baseline_0.1.0/build
"dx-wire-test-ids" start time: Sep 21 04:29 Central Daylight Time
Output:
----------------------------------------------------------
<end of output>
Test time =   0.02 sec
----------------------------------------------------------
Test Passed.
"dx-wire-test-ids" end time: Sep 21 04:29 Central Daylight Time
"dx-wire-test-ids" time elapsed: 00:00:00
----------------------------------------------------------

End testing: Sep 21 04:29 Central Daylight Time
